<?xml version="1.0" encoding="UTF-8"?>
<!-- Generated by org.testng.reporters.JUnitXMLReporter -->
<testsuite ignored="0" hostname="01HW2308171.local" failures="0" tests="3" name="Practise" time="54.268" errors="0" timestamp="2023-06-09T13:16:58 GMT-07:00">
  <testcase classname="Practise.testNG_ParallelExecution" name="Bing" time="11.016"/>
  <testcase classname="Practise.testNG_ParallelExecution" name="google" time="22.485"/>
  <testcase classname="Practise.testNG_ParallelExecution" name="Yahoo" time="54.203"/>
</testsuite> <!-- Practise -->
