<?xml version="1.0" encoding="UTF-8"?>
<!-- Generated by org.testng.reporters.JUnitXMLReporter -->
<testsuite ignored="0" hostname="01HW2308171.local" failures="0" tests="3" name="Default test" time="0.054" errors="0" timestamp="2023-06-07T15:54:12 GMT-07:00">
  <testcase classname="Practise.testNG_Dependency" name="highSchool" time="0.01"/>
  <testcase classname="Practise.testNG_Dependency" name="higherSecondary" time="0.001"/>
  <testcase classname="Practise.testNG_Dependency" name="collage" time="0.002"/>
</testsuite> <!-- Default test -->
