<?xml version="1.0" encoding="UTF-8"?>
<testng-results ignored="0" total="3" passed="3" failed="0" skipped="0">
  <reporter-output>
  </reporter-output>
  <suite started-at="2023-06-09T13:16:03 GMT-07:00" name="XML File Practise" finished-at="2023-06-09T13:16:58 GMT-07:00" duration-ms="54268">
    <groups>
    </groups>
    <test started-at="2023-06-09T13:16:03 GMT-07:00" name="Practise" finished-at="2023-06-09T13:16:58 GMT-07:00" duration-ms="54268">
      <class name="Practise.testNG_ParallelExecution">
        <test-method signature="Yahoo()[pri:0, instance:Practise.testNG_ParallelExecution@3d6f0054]" started-at="2023-06-09T13:16:03 GMT-07:00" name="Yahoo" finished-at="2023-06-09T13:16:58 GMT-07:00" duration-ms="54203" status="PASS">
          <reporter-output>
          </reporter-output>
        </test-method> <!-- Yahoo -->
        <test-method signature="google()[pri:0, instance:Practise.testNG_ParallelExecution@3d6f0054]" started-at="2023-06-09T13:16:03 GMT-07:00" name="google" finished-at="2023-06-09T13:16:26 GMT-07:00" duration-ms="22485" status="PASS">
          <reporter-output>
          </reporter-output>
        </test-method> <!-- google -->
        <test-method signature="Bing()[pri:0, instance:Practise.testNG_ParallelExecution@3d6f0054]" started-at="2023-06-09T13:16:03 GMT-07:00" name="Bing" finished-at="2023-06-09T13:16:14 GMT-07:00" duration-ms="11016" status="PASS">
          <reporter-output>
          </reporter-output>
        </test-method> <!-- Bing -->
      </class> <!-- Practise.testNG_ParallelExecution -->
    </test> <!-- Practise -->
  </suite> <!-- XML File Practise -->
</testng-results>
