<?xml version="1.0" encoding="UTF-8"?>
<testng-results ignored="0" total="1" passed="1" failed="0" skipped="0">
  <reporter-output>
  </reporter-output>
  <suite started-at="2023-06-11T12:01:28 GMT-07:00" name="Default suite" finished-at="2023-06-11T12:01:47 GMT-07:00" duration-ms="19500">
    <groups>
    </groups>
    <test started-at="2023-06-11T12:01:28 GMT-07:00" name="Default test" finished-at="2023-06-11T12:01:47 GMT-07:00" duration-ms="19500">
      <class name="Practise.calendarPractise">
        <test-method signature="calendar()[pri:0, instance:Practise.calendarPractise@71238fc2]" started-at="2023-06-11T12:01:28 GMT-07:00" name="calendar" finished-at="2023-06-11T12:01:47 GMT-07:00" duration-ms="19470" status="PASS">
          <reporter-output>
          </reporter-output>
        </test-method> <!-- calendar -->
      </class> <!-- Practise.calendarPractise -->
    </test> <!-- Default test -->
  </suite> <!-- Default suite -->
</testng-results>
